<?xml version="1.0" encoding="UTF-8"?>
<!-- Generated by org.testng.reporters.JUnitReportReporter -->
<testsuite skipped="0" hostname="LAPTOP-0VKIOAG1" name="com.CFAAutomation.tests.TC_Campign_Tests" tests="2" failures="0" timestamp="2021-03-09T09:35:01 IST" time="0.028" errors="0">
  <testcase name="test2" time="0.005" classname="com.CFAAutomation.tests.TC_Campign_Tests"/>
  <system-out/>
  <testcase name="test1" time="0.023" classname="com.CFAAutomation.tests.TC_Campign_Tests"/>
  <system-out/>
</testsuite> <!-- com.CFAAutomation.tests.TC_Campign_Tests -->
