<?xml version="1.0" encoding="UTF-8"?>
<!-- Generated by org.testng.reporters.JUnitReportReporter -->
<testsuite skipped="0" hostname="LAPTOP-0VKIOAG1" name="com.CFAAutomation.tests.TC_Campign_Tests" tests="2" failures="0" timestamp="2021-03-10T09:40:10 IST" time="0.020" errors="0">
  <testcase name="test2" time="0.000" classname="com.CFAAutomation.tests.TC_Campign_Tests"/>
  <system-out/>
  <testcase name="test1" time="0.020" classname="com.CFAAutomation.tests.TC_Campign_Tests"/>
  <system-out/>
</testsuite> <!-- com.CFAAutomation.tests.TC_Campign_Tests -->
